  Cube.cpp
  Food.cpp
d:\我的东西\workspace\snakegame_opengl\project\snakegame_opengl\food.h(16): warning C4305: “初始化”: 从“double”到“const float”截断
  Level.cpp
d:\我的东西\workspace\snakegame_opengl\project\snakegame_opengl\snake.h(24): warning C4305: “初始化”: 从“double”到“const float”截断
d:\我的东西\workspace\snakegame_opengl\project\snakegame_opengl\food.h(16): warning C4305: “初始化”: 从“double”到“const float”截断
d:\我的东西\workspace\snakegame_opengl\project\snakegame_opengl\level.cpp(10): warning C4244: “=”: 从“double”转换到“float”，可能丢失数据
d:\我的东西\workspace\snakegame_opengl\project\snakegame_opengl\level.cpp(11): warning C4244: “=”: 从“double”转换到“float”，可能丢失数据
d:\我的东西\workspace\snakegame_opengl\project\snakegame_opengl\level.cpp(53): warning C4244: “参数”: 从“time_t”转换到“unsigned int”，可能丢失数据
  Main.cpp
d:\我的东西\workspace\snakegame_opengl\project\snakegame_opengl\snake.h(24): warning C4305: “初始化”: 从“double”到“const float”截断
d:\我的东西\workspace\snakegame_opengl\project\snakegame_opengl\food.h(16): warning C4305: “初始化”: 从“double”到“const float”截断
  ResourceManager.cpp
  Shader.cpp
  Snake.cpp
d:\我的东西\workspace\snakegame_opengl\project\snakegame_opengl\snake.h(24): warning C4305: “初始化”: 从“double”到“const float”截断
  正在生成代码...
LINK : warning LNK4098: 默认库“LIBCMT”与其他库的使用冲突；请使用 /NODEFAULTLIB:library
glfw3.lib(context.obj) : warning LNK4099: 未找到 PDB“glfw.pdb”(使用“glfw3.lib(context.obj)”或在“D:\我的东西\WorkSpace\SnakeGame_OpenGL\project\Debug\glfw.pdb”中寻找)；正在链接对象，如同没有调试信息一样
glfw3.lib(init.obj) : warning LNK4099: 未找到 PDB“glfw.pdb”(使用“glfw3.lib(init.obj)”或在“D:\我的东西\WorkSpace\SnakeGame_OpenGL\project\Debug\glfw.pdb”中寻找)；正在链接对象，如同没有调试信息一样
glfw3.lib(input.obj) : warning LNK4099: 未找到 PDB“glfw.pdb”(使用“glfw3.lib(input.obj)”或在“D:\我的东西\WorkSpace\SnakeGame_OpenGL\project\Debug\glfw.pdb”中寻找)；正在链接对象，如同没有调试信息一样
glfw3.lib(monitor.obj) : warning LNK4099: 未找到 PDB“glfw.pdb”(使用“glfw3.lib(monitor.obj)”或在“D:\我的东西\WorkSpace\SnakeGame_OpenGL\project\Debug\glfw.pdb”中寻找)；正在链接对象，如同没有调试信息一样
glfw3.lib(vulkan.obj) : warning LNK4099: 未找到 PDB“glfw.pdb”(使用“glfw3.lib(vulkan.obj)”或在“D:\我的东西\WorkSpace\SnakeGame_OpenGL\project\Debug\glfw.pdb”中寻找)；正在链接对象，如同没有调试信息一样
glfw3.lib(window.obj) : warning LNK4099: 未找到 PDB“glfw.pdb”(使用“glfw3.lib(window.obj)”或在“D:\我的东西\WorkSpace\SnakeGame_OpenGL\project\Debug\glfw.pdb”中寻找)；正在链接对象，如同没有调试信息一样
glfw3.lib(win32_init.obj) : warning LNK4099: 未找到 PDB“glfw.pdb”(使用“glfw3.lib(win32_init.obj)”或在“D:\我的东西\WorkSpace\SnakeGame_OpenGL\project\Debug\glfw.pdb”中寻找)；正在链接对象，如同没有调试信息一样
glfw3.lib(win32_joystick.obj) : warning LNK4099: 未找到 PDB“glfw.pdb”(使用“glfw3.lib(win32_joystick.obj)”或在“D:\我的东西\WorkSpace\SnakeGame_OpenGL\project\Debug\glfw.pdb”中寻找)；正在链接对象，如同没有调试信息一样
glfw3.lib(win32_monitor.obj) : warning LNK4099: 未找到 PDB“glfw.pdb”(使用“glfw3.lib(win32_monitor.obj)”或在“D:\我的东西\WorkSpace\SnakeGame_OpenGL\project\Debug\glfw.pdb”中寻找)；正在链接对象，如同没有调试信息一样
glfw3.lib(win32_time.obj) : warning LNK4099: 未找到 PDB“glfw.pdb”(使用“glfw3.lib(win32_time.obj)”或在“D:\我的东西\WorkSpace\SnakeGame_OpenGL\project\Debug\glfw.pdb”中寻找)；正在链接对象，如同没有调试信息一样
glfw3.lib(win32_tls.obj) : warning LNK4099: 未找到 PDB“glfw.pdb”(使用“glfw3.lib(win32_tls.obj)”或在“D:\我的东西\WorkSpace\SnakeGame_OpenGL\project\Debug\glfw.pdb”中寻找)；正在链接对象，如同没有调试信息一样
glfw3.lib(win32_window.obj) : warning LNK4099: 未找到 PDB“glfw.pdb”(使用“glfw3.lib(win32_window.obj)”或在“D:\我的东西\WorkSpace\SnakeGame_OpenGL\project\Debug\glfw.pdb”中寻找)；正在链接对象，如同没有调试信息一样
glfw3.lib(wgl_context.obj) : warning LNK4099: 未找到 PDB“glfw.pdb”(使用“glfw3.lib(wgl_context.obj)”或在“D:\我的东西\WorkSpace\SnakeGame_OpenGL\project\Debug\glfw.pdb”中寻找)；正在链接对象，如同没有调试信息一样
glfw3.lib(egl_context.obj) : warning LNK4099: 未找到 PDB“glfw.pdb”(使用“glfw3.lib(egl_context.obj)”或在“D:\我的东西\WorkSpace\SnakeGame_OpenGL\project\Debug\glfw.pdb”中寻找)；正在链接对象，如同没有调试信息一样
glew32s.lib(glew.obj) : warning LNK4099: 未找到 PDB“vc120.pdb”(使用“glew32s.lib(glew.obj)”或在“D:\我的东西\WorkSpace\SnakeGame_OpenGL\project\Debug\vc120.pdb”中寻找)；正在链接对象，如同没有调试信息一样
  SnakeGame_OpenGL.vcxproj -> D:\我的东西\WorkSpace\SnakeGame_OpenGL\project\Debug\SnakeGame_OpenGL.exe
